<?xml version="1.0" encoding="UTF-8"?>
<testsuites name="TC Collection 01" time="57.096" tests="2" failures="0" errors="0">
   <testsuite name="TestSuit 01" tests="1" failures="0" errors="0" time="8.531" skipped="0" timestamp="11-12-2023T14:56:52" hostname="1878 - LAPTOP-95N5CJET" id="Test Suites/TestSuit 01">
      <properties>
         <property name="deviceName" value=""/>
         <property name="devicePlatform" value=""/>
         <property name="logFolder" value="C:\\Users\\1878\\git\\Sample TestOps Visual ShopCart\\TestOpsVisualShopCart\\Reports\\20231211_145640\\TestSuit 01\\20231211_145641"/>
         <property name="logFiles" value="C:\\Users\\1878\\git\\Sample TestOps Visual ShopCart\\TestOpsVisualShopCart\\Reports\\20231211_145640\\TestSuit 01\\20231211_145641\\execution0.log"/>
         <property name="attachments" value=""/>
         <property name="hostName" value="1878 - LAPTOP-95N5CJET"/>
         <property name="os" value="Windows 11 64bit"/>
         <property name="katalonVersion" value="9.1.0.212"/>
         <property name="browser" value="Chrome 119.0.0.0"/>
         <property name="hostAddress" value="192.168.10.165"/>
         <property name="sessionId" value="e1d8c8b35053c4e5989b388803d72169"/>
         <property name="seleniumVersion" value="3.141.59"/>
         <property name="proxyInformation" value="ProxyInformation { proxyOption=NO_PROXY, proxyServerType=HTTP, username=, password=********, proxyServerAddress=, proxyServerPort=0, executionList=&quot;&quot;, isApplyToDesiredCapabilities=true }"/>
         <property name="platform" value="Windows 11"/>
      </properties>
      <testcase name="Test Cases/TC Sample for Sertifikasi/Open Wiki" time="8.073" classname="Test Cases/TC Sample for Sertifikasi/Open Wiki" status="PASSED">
         <system-out><![CDATA[11-12-2023T14:56:52 - [TEST_CASE][PASSED] - Test Cases/TC Sample for Sertifikasi/Open Wiki: Test Cases/TC Sample for Sertifikasi/Open Wiki

11-12-2023T14:56:52 - [TEST_STEP][PASSED] - openBrowser(""): Browser is opened with url: ''

11-12-2023T14:56:53 - [MESSAGE][INFO] - Starting 'Chrome' driver

11-12-2023T14:56:53 - [MESSAGE][INFO] - Action delay is set to 0 milliseconds

11-12-2023T14:56:54 - [MESSAGE][PASSED] - Browser is opened with url: ''

11-12-2023T14:56:54 - [TEST_STEP][PASSED] - navigateToUrl("https://www.wikipedia.org/"): Navigate to 'https://www.wikipedia.org/' successfully

11-12-2023T14:56:56 - [MESSAGE][PASSED] - Navigate to 'https://www.wikipedia.org/' successfully

11-12-2023T14:56:56 - [TEST_STEP][PASSED] - setText(findTestObject("Object Repository/Open Wiki/Page_Wikipedia/input_search"), "katalon"): Text 'katalon' is set on object 'Object Repository/Open Wiki/Page_Wikipedia/input_search'

11-12-2023T14:56:57 - [MESSAGE][PASSED] - Text 'katalon' is set on object 'Object Repository/Open Wiki/Page_Wikipedia/input_search'

11-12-2023T14:56:57 - [TEST_STEP][PASSED] - click(findTestObject("Object Repository/Open Wiki/Page_Wikipedia/i_Search")): Object: 'Object Repository/Open Wiki/Page_Wikipedia/i_Search' is clicked on

11-12-2023T14:57:00 - [MESSAGE][PASSED] - Object: 'Object Repository/Open Wiki/Page_Wikipedia/i_Search' is clicked on

11-12-2023T14:57:00 - [TEST_STEP][PASSED] - closeBrowser(): Browser is closed

11-12-2023T14:57:00 - [MESSAGE][PASSED] - Browser is closed]]></system-out>
         <system-err><![CDATA[]]></system-err>
      </testcase>
      <system-out><![CDATA[11-12-2023T14:56:52 - [TEST_SUITE][PASSED] - TestSuit 01: Test Cases/TC Sample for Sertifikasi/Open Wiki]]></system-out>
      <system-err><![CDATA[]]></system-err>
   </testsuite>
   <testsuite name="TestSuit 02" tests="1" failures="0" errors="0" time="18.412" skipped="0" timestamp="11-12-2023T14:57:21" hostname="1878 - LAPTOP-95N5CJET" id="Test Suites/TestSuit 02">
      <properties>
         <property name="deviceName" value=""/>
         <property name="devicePlatform" value=""/>
         <property name="logFolder" value="C:\\Users\\1878\\git\\Sample TestOps Visual ShopCart\\TestOpsVisualShopCart\\Reports\\20231211_145640\\TestSuit 02\\20231211_145643"/>
         <property name="logFiles" value="C:\\Users\\1878\\git\\Sample TestOps Visual ShopCart\\TestOpsVisualShopCart\\Reports\\20231211_145640\\TestSuit 02\\20231211_145643\\execution0.log"/>
         <property name="attachments" value=""/>
         <property name="hostName" value="1878 - LAPTOP-95N5CJET"/>
         <property name="os" value="Windows 11 64bit"/>
         <property name="katalonVersion" value="9.1.0.212"/>
         <property name="browser" value="Chrome 119.0.0.0"/>
         <property name="hostAddress" value="192.168.10.165"/>
         <property name="sessionId" value="ce07dc1576bef281f596e3d584b83d96"/>
         <property name="seleniumVersion" value="3.141.59"/>
         <property name="proxyInformation" value="ProxyInformation { proxyOption=NO_PROXY, proxyServerType=HTTP, username=, password=********, proxyServerAddress=, proxyServerPort=0, executionList=&quot;&quot;, isApplyToDesiredCapabilities=true }"/>
         <property name="platform" value="Windows 11"/>
      </properties>
      <testcase name="Test Cases/TC Sample for Sertifikasi/Open ig" time="17.241" classname="Test Cases/TC Sample for Sertifikasi/Open ig" status="PASSED">
         <system-out><![CDATA[11-12-2023T14:57:22 - [TEST_CASE][PASSED] - Test Cases/TC Sample for Sertifikasi/Open ig: Test Cases/TC Sample for Sertifikasi/Open ig

11-12-2023T14:57:23 - [TEST_STEP][PASSED] - openBrowser(""): Browser is opened with url: ''

11-12-2023T14:57:24 - [MESSAGE][INFO] - Starting 'Chrome' driver

11-12-2023T14:57:25 - [MESSAGE][INFO] - Action delay is set to 0 milliseconds

11-12-2023T14:57:31 - [MESSAGE][PASSED] - Browser is opened with url: ''

11-12-2023T14:57:31 - [TEST_STEP][PASSED] - navigateToUrl("https://starbridges.indocyber.co.id/Application/Account/Login?ReturnUrl=%2fApplication"): Navigate to 'https://starbridges.indocyber.co.id/Application/Account/Login?ReturnUrl=%2fApplication' successfully

11-12-2023T14:57:32 - [MESSAGE][PASSED] - Navigate to 'https://starbridges.indocyber.co.id/Application/Account/Login?ReturnUrl=%2fApplication' successfully

11-12-2023T14:57:32 - [TEST_STEP][PASSED] - click(findTestObject("Object Repository/starbridges/Page_Login/a_Forgot Password")): Object: 'Object Repository/starbridges/Page_Login/a_Forgot Password' is clicked on

11-12-2023T14:57:36 - [MESSAGE][PASSED] - Object: 'Object Repository/starbridges/Page_Login/a_Forgot Password' is clicked on

11-12-2023T14:57:36 - [TEST_STEP][PASSED] - click(findTestObject("Object Repository/starbridges/Page_Forgot Passsword/button_Cancel")): Object: 'Object Repository/starbridges/Page_Forgot Passsword/button_Cancel' is clicked on

11-12-2023T14:57:37 - [MESSAGE][PASSED] - Object: 'Object Repository/starbridges/Page_Forgot Passsword/button_Cancel' is clicked on

11-12-2023T14:57:37 - [TEST_STEP][PASSED] - click(findTestObject("Object Repository/starbridges/Page_Login/button_Sign in")): Object: 'Object Repository/starbridges/Page_Login/button_Sign in' is clicked on

11-12-2023T14:57:39 - [MESSAGE][PASSED] - Object: 'Object Repository/starbridges/Page_Login/button_Sign in' is clicked on

11-12-2023T14:57:39 - [TEST_STEP][PASSED] - closeBrowser(): Browser is closed

11-12-2023T14:57:40 - [MESSAGE][PASSED] - Browser is closed]]></system-out>
         <system-err><![CDATA[]]></system-err>
      </testcase>
      <system-out><![CDATA[11-12-2023T14:57:21 - [TEST_SUITE][PASSED] - TestSuit 02: Test Cases/TC Sample for Sertifikasi/Open ig]]></system-out>
      <system-err><![CDATA[]]></system-err>
   </testsuite>
</testsuites>
