<?xml version="1.0" encoding="UTF-8"?>
<testsuites name="TestSuit 04" time="13.723" tests="1" failures="0" errors="0">
   <testsuite name="TestSuit 04" tests="1" failures="0" errors="0" time="13.723" skipped="0" timestamp="11-12-2023T14:57:51" hostname="1878 - LAPTOP-95N5CJET" id="Test Suites/TestSuit 04">
      <properties>
         <property name="deviceName" value=""/>
         <property name="devicePlatform" value=""/>
         <property name="logFolder" value="C:\\Users\\1878\\git\\Sample TestOps Visual ShopCart\\TestOpsVisualShopCart\\Reports\\20231211_145651\\TestSuit 04\\20231211_145659"/>
         <property name="logFiles" value="C:\\Users\\1878\\git\\Sample TestOps Visual ShopCart\\TestOpsVisualShopCart\\Reports\\20231211_145651\\TestSuit 04\\20231211_145659\\execution0.log"/>
         <property name="attachments" value=""/>
         <property name="hostName" value="1878 - LAPTOP-95N5CJET"/>
         <property name="os" value="Windows 11 64bit"/>
         <property name="katalonVersion" value="9.1.0.212"/>
         <property name="browser" value="Chrome 119.0.0.0"/>
         <property name="hostAddress" value="192.168.10.165"/>
         <property name="sessionId" value="e922216bd9d2b353047bf74e3e3c0dee"/>
         <property name="seleniumVersion" value="3.141.59"/>
         <property name="proxyInformation" value="ProxyInformation { proxyOption=NO_PROXY, proxyServerType=HTTP, username=, password=********, proxyServerAddress=, proxyServerPort=0, executionList=&quot;&quot;, isApplyToDesiredCapabilities=true }"/>
         <property name="platform" value="Windows 11"/>
      </properties>
      <testcase name="Test Cases/TC Sample for Sertifikasi/Open Wiki" time="12.446" classname="Test Cases/TC Sample for Sertifikasi/Open Wiki" status="PASSED">
         <system-out><![CDATA[11-12-2023T14:57:52 - [TEST_CASE][PASSED] - Test Cases/TC Sample for Sertifikasi/Open Wiki: Test Cases/TC Sample for Sertifikasi/Open Wiki

11-12-2023T14:57:53 - [TEST_STEP][PASSED] - openBrowser(""): Browser is opened with url: ''

11-12-2023T14:57:54 - [MESSAGE][INFO] - Starting 'Chrome' driver

11-12-2023T14:57:54 - [MESSAGE][INFO] - Action delay is set to 0 milliseconds

11-12-2023T14:57:57 - [MESSAGE][PASSED] - Browser is opened with url: ''

11-12-2023T14:57:57 - [TEST_STEP][PASSED] - navigateToUrl("https://www.wikipedia.org/"): Navigate to 'https://www.wikipedia.org/' successfully

11-12-2023T14:57:59 - [MESSAGE][PASSED] - Navigate to 'https://www.wikipedia.org/' successfully

11-12-2023T14:57:59 - [TEST_STEP][PASSED] - setText(findTestObject("Object Repository/Open Wiki/Page_Wikipedia/input_search"), "katalon"): Text 'katalon' is set on object 'Object Repository/Open Wiki/Page_Wikipedia/input_search'

11-12-2023T14:58:01 - [MESSAGE][PASSED] - Text 'katalon' is set on object 'Object Repository/Open Wiki/Page_Wikipedia/input_search'

11-12-2023T14:58:01 - [TEST_STEP][PASSED] - click(findTestObject("Object Repository/Open Wiki/Page_Wikipedia/i_Search")): Object: 'Object Repository/Open Wiki/Page_Wikipedia/i_Search' is clicked on

11-12-2023T14:58:04 - [MESSAGE][PASSED] - Object: 'Object Repository/Open Wiki/Page_Wikipedia/i_Search' is clicked on

11-12-2023T14:58:04 - [TEST_STEP][PASSED] - closeBrowser(): Browser is closed

11-12-2023T14:58:05 - [MESSAGE][PASSED] - Browser is closed]]></system-out>
         <system-err><![CDATA[]]></system-err>
      </testcase>
      <system-out><![CDATA[11-12-2023T14:57:51 - [TEST_SUITE][PASSED] - TestSuit 04: Test Cases/TC Sample for Sertifikasi/Open Wiki]]></system-out>
      <system-err><![CDATA[]]></system-err>
   </testsuite>
</testsuites>
