<?xml version="1.0" encoding="UTF-8"?>
<testsuites name="TestSuit 05" time="3.71" tests="1" failures="0" errors="0">
   <testsuite name="TestSuit 05" tests="1" failures="0" errors="0" time="3.71" skipped="0" timestamp="11-12-2023T14:58:03" hostname="1878 - LAPTOP-95N5CJET" id="Test Suites/TestSuit 05">
      <properties>
         <property name="deviceName" value=""/>
         <property name="devicePlatform" value=""/>
         <property name="logFolder" value="C:\\Users\\1878\\git\\Sample TestOps Visual ShopCart\\TestOpsVisualShopCart\\Reports\\20231211_145653\\TestSuit 05\\20231211_145706"/>
         <property name="logFiles" value="C:\\Users\\1878\\git\\Sample TestOps Visual ShopCart\\TestOpsVisualShopCart\\Reports\\20231211_145653\\TestSuit 05\\20231211_145706\\execution0.log"/>
         <property name="attachments" value=""/>
         <property name="hostName" value="1878 - LAPTOP-95N5CJET"/>
         <property name="os" value="Windows 11 64bit"/>
         <property name="katalonVersion" value="9.1.0.212"/>
         <property name="browser" value="Chrome 119.0.0.0"/>
         <property name="hostAddress" value="192.168.10.165"/>
         <property name="sessionId" value="804eb5afac5a21d59d05e5eedd92bac5"/>
         <property name="seleniumVersion" value="3.141.59"/>
         <property name="proxyInformation" value="ProxyInformation { proxyOption=NO_PROXY, proxyServerType=HTTP, username=, password=********, proxyServerAddress=, proxyServerPort=0, executionList=&quot;&quot;, isApplyToDesiredCapabilities=true }"/>
         <property name="platform" value="Windows 11"/>
      </properties>
      <testcase name="Test Cases/TC Sample for Sertifikasi/Open Yutub" time="3.146" classname="Test Cases/TC Sample for Sertifikasi/Open Yutub" status="PASSED">
         <system-out><![CDATA[11-12-2023T14:58:04 - [TEST_CASE][PASSED] - Test Cases/TC Sample for Sertifikasi/Open Yutub: Test Cases/TC Sample for Sertifikasi/Open Yutub

11-12-2023T14:58:04 - [TEST_STEP][PASSED] - openBrowser(""): Browser is opened with url: ''

11-12-2023T14:58:05 - [MESSAGE][INFO] - Starting 'Chrome' driver

11-12-2023T14:58:05 - [MESSAGE][INFO] - Action delay is set to 0 milliseconds

11-12-2023T14:58:07 - [MESSAGE][PASSED] - Browser is opened with url: ''

11-12-2023T14:58:07 - [TEST_STEP][PASSED] - closeBrowser(): Browser is closed

11-12-2023T14:58:07 - [MESSAGE][PASSED] - Browser is closed]]></system-out>
         <system-err><![CDATA[]]></system-err>
      </testcase>
      <system-out><![CDATA[11-12-2023T14:58:03 - [TEST_SUITE][PASSED] - TestSuit 05: Test Cases/TC Sample for Sertifikasi/Open Yutub]]></system-out>
      <system-err><![CDATA[]]></system-err>
   </testsuite>
</testsuites>
