<?xml version="1.0" encoding="UTF-8"?>
<testsuites name="TestSuit 04" time="13.684" tests="1" failures="0" errors="0">
   <testsuite name="TestSuit 04" tests="1" failures="0" errors="0" time="13.684" skipped="0" timestamp="11-12-2023T15:00:07" hostname="1878 - LAPTOP-95N5CJET" id="Test Suites/TestSuit 04">
      <properties>
         <property name="deviceName" value=""/>
         <property name="devicePlatform" value=""/>
         <property name="logFolder" value="C:\\Users\\1878\\git\\Sample TestOps Visual ShopCart\\TestOpsVisualShopCart\\Reports\\20231211_145944\\TestSuit 04\\20231211_145944"/>
         <property name="logFiles" value="C:\\Users\\1878\\git\\Sample TestOps Visual ShopCart\\TestOpsVisualShopCart\\Reports\\20231211_145944\\TestSuit 04\\20231211_145944\\execution0.log"/>
         <property name="attachments" value=""/>
         <property name="hostName" value="1878 - LAPTOP-95N5CJET"/>
         <property name="os" value="Windows 11 64bit"/>
         <property name="katalonVersion" value="9.1.0.212"/>
         <property name="browser" value="Chrome 119.0.0.0"/>
         <property name="hostAddress" value="192.168.10.165"/>
         <property name="sessionId" value="fe5014d86f2f68cafe034f06657c25e7"/>
         <property name="seleniumVersion" value="3.141.59"/>
         <property name="proxyInformation" value="ProxyInformation { proxyOption=NO_PROXY, proxyServerType=HTTP, username=, password=********, proxyServerAddress=, proxyServerPort=0, executionList=&quot;&quot;, isApplyToDesiredCapabilities=true }"/>
         <property name="platform" value="Windows 11"/>
      </properties>
      <testcase name="Test Cases/TC Sample for Sertifikasi/Open Wiki" time="12.229" classname="Test Cases/TC Sample for Sertifikasi/Open Wiki" status="PASSED">
         <system-out><![CDATA[11-12-2023T15:00:08 - [TEST_CASE][PASSED] - Test Cases/TC Sample for Sertifikasi/Open Wiki: Test Cases/TC Sample for Sertifikasi/Open Wiki

11-12-2023T15:00:09 - [TEST_STEP][PASSED] - openBrowser(""): Browser is opened with url: ''

11-12-2023T15:00:11 - [MESSAGE][INFO] - Starting 'Chrome' driver

11-12-2023T15:00:11 - [MESSAGE][INFO] - Action delay is set to 0 milliseconds

11-12-2023T15:00:14 - [MESSAGE][PASSED] - Browser is opened with url: ''

11-12-2023T15:00:14 - [TEST_STEP][PASSED] - navigateToUrl("https://www.wikipedia.org/"): Navigate to 'https://www.wikipedia.org/' successfully

11-12-2023T15:00:16 - [MESSAGE][PASSED] - Navigate to 'https://www.wikipedia.org/' successfully

11-12-2023T15:00:16 - [TEST_STEP][PASSED] - setText(findTestObject("Object Repository/Open Wiki/Page_Wikipedia/input_search"), "katalon"): Text 'katalon' is set on object 'Object Repository/Open Wiki/Page_Wikipedia/input_search'

11-12-2023T15:00:17 - [MESSAGE][PASSED] - Text 'katalon' is set on object 'Object Repository/Open Wiki/Page_Wikipedia/input_search'

11-12-2023T15:00:17 - [TEST_STEP][PASSED] - click(findTestObject("Object Repository/Open Wiki/Page_Wikipedia/i_Search")): Object: 'Object Repository/Open Wiki/Page_Wikipedia/i_Search' is clicked on

11-12-2023T15:00:20 - [MESSAGE][PASSED] - Object: 'Object Repository/Open Wiki/Page_Wikipedia/i_Search' is clicked on

11-12-2023T15:00:20 - [TEST_STEP][PASSED] - closeBrowser(): Browser is closed

11-12-2023T15:00:21 - [MESSAGE][PASSED] - Browser is closed]]></system-out>
         <system-err><![CDATA[]]></system-err>
      </testcase>
      <system-out><![CDATA[11-12-2023T15:00:07 - [TEST_SUITE][PASSED] - TestSuit 04: Test Cases/TC Sample for Sertifikasi/Open Wiki]]></system-out>
      <system-err><![CDATA[]]></system-err>
   </testsuite>
</testsuites>
