<?xml version="1.0" encoding="UTF-8"?>
<testsuites name="TestSuit 06" time="40.011" tests="1" failures="0" errors="0">
   <testsuite name="TestSuit 06" tests="1" failures="0" errors="0" time="40.011" skipped="0" timestamp="11-12-2023T15:00:22" hostname="1878 - LAPTOP-95N5CJET" id="Test Suites/TestSuit 06">
      <properties>
         <property name="deviceName" value=""/>
         <property name="devicePlatform" value=""/>
         <property name="logFolder" value="C:\\Users\\1878\\git\\Sample TestOps Visual ShopCart\\TestOpsVisualShopCart\\Reports\\20231211_150012\\TestSuit 06\\20231211_150012"/>
         <property name="logFiles" value="C:\\Users\\1878\\git\\Sample TestOps Visual ShopCart\\TestOpsVisualShopCart\\Reports\\20231211_150012\\TestSuit 06\\20231211_150012\\execution0.log"/>
         <property name="attachments" value=""/>
         <property name="hostName" value="1878 - LAPTOP-95N5CJET"/>
         <property name="os" value="Windows 11 64bit"/>
         <property name="katalonVersion" value="9.1.0.212"/>
         <property name="browser" value="Chrome 119.0.0.0"/>
         <property name="hostAddress" value="192.168.10.165"/>
         <property name="sessionId" value="4c9beac7d3cc54d1c50bbd38b3f3915a"/>
         <property name="seleniumVersion" value="3.141.59"/>
         <property name="proxyInformation" value="ProxyInformation { proxyOption=NO_PROXY, proxyServerType=HTTP, username=, password=********, proxyServerAddress=, proxyServerPort=0, executionList=&quot;&quot;, isApplyToDesiredCapabilities=true }"/>
         <property name="platform" value="Windows 11"/>
      </properties>
      <testcase name="Test Cases/TC Sample for Sertifikasi/pesbuk" time="39.648" classname="Test Cases/TC Sample for Sertifikasi/pesbuk" status="PASSED">
         <system-out><![CDATA[11-12-2023T15:00:22 - [TEST_CASE][PASSED] - Test Cases/TC Sample for Sertifikasi/pesbuk: Test Cases/TC Sample for Sertifikasi/pesbuk

11-12-2023T15:00:23 - [TEST_STEP][PASSED] - openBrowser(""): Browser is opened with url: ''

11-12-2023T15:00:23 - [MESSAGE][INFO] - Starting 'Chrome' driver

11-12-2023T15:00:23 - [MESSAGE][INFO] - Action delay is set to 0 milliseconds

11-12-2023T15:00:24 - [MESSAGE][PASSED] - Browser is opened with url: ''

11-12-2023T15:00:24 - [TEST_STEP][PASSED] - navigateToUrl("https://id-id.facebook.com/"): Navigate to 'https://id-id.facebook.com/' successfully

11-12-2023T15:00:27 - [MESSAGE][PASSED] - Navigate to 'https://id-id.facebook.com/' successfully

11-12-2023T15:00:27 - [TEST_STEP][PASSED] - click(findTestObject("Object Repository/FB/FB2/Page_Facebook - Masuk atau Daftar/a_Lupa kata sandi")): Object: 'Object Repository/FB/FB2/Page_Facebook - Masuk atau Daftar/a_Lupa kata sandi' is clicked on

11-12-2023T15:00:58 - [MESSAGE][INFO] - Unable to find the element located by 'By.xpath: //form[@id='u_0_2_WC']/div[3]/a'. Please recheck the objects properties to make sure the desired element is located. 

11-12-2023T15:00:58 - [MESSAGE][WARNING] - [SELF-HEALING] Failed to find element with id 'Object Repository/FB/FB2/Page_Facebook - Masuk atau Daftar/a_Lupa kata sandi'. Try using Self-healing.

11-12-2023T15:00:58 - [MESSAGE][WARNING] - [SELF-HEALING] The current locator of test object 'Object Repository/FB/FB2/Page_Facebook - Masuk atau Daftar/a_Lupa kata sandi' was broken. Propose an alternative one: '//a[contains(text(),'Lupa kata sandi?')]'.

11-12-2023T15:01:00 - [MESSAGE][PASSED] - Object: 'Object Repository/FB/FB2/Page_Facebook - Masuk atau Daftar/a_Lupa kata sandi' is clicked on

11-12-2023T15:01:00 - [TEST_STEP][PASSED] - setText(findTestObject("Object Repository/FB/FB2/Page_Lupa Kata Sandi  Tidak Dapat Masuk  Facebook/input_email"), "08182182812812"): Text '08182182812812' is set on object 'Object Repository/FB/FB2/Page_Lupa Kata Sandi  Tidak Dapat Masuk  Facebook/input_email'

11-12-2023T15:01:01 - [MESSAGE][PASSED] - Text '08182182812812' is set on object 'Object Repository/FB/FB2/Page_Lupa Kata Sandi  Tidak Dapat Masuk  Facebook/input_email'

11-12-2023T15:01:01 - [TEST_STEP][PASSED] - click(findTestObject("Object Repository/FB/FB2/Page_Lupa Kata Sandi  Tidak Dapat Masuk  Facebook/a_Batal")): Object: 'Object Repository/FB/FB2/Page_Lupa Kata Sandi  Tidak Dapat Masuk  Facebook/a_Batal' is clicked on

11-12-2023T15:01:02 - [MESSAGE][PASSED] - Object: 'Object Repository/FB/FB2/Page_Lupa Kata Sandi  Tidak Dapat Masuk  Facebook/a_Batal' is clicked on

11-12-2023T15:01:02 - [TEST_STEP][PASSED] - closeBrowser(): Browser is closed

11-12-2023T15:01:02 - [MESSAGE][PASSED] - Browser is closed]]></system-out>
         <system-err><![CDATA[]]></system-err>
      </testcase>
      <system-out><![CDATA[11-12-2023T15:00:22 - [TEST_SUITE][PASSED] - TestSuit 06: Test Cases/TC Sample for Sertifikasi/pesbuk]]></system-out>
      <system-err><![CDATA[]]></system-err>
   </testsuite>
</testsuites>
