<?xml version="1.0" encoding="UTF-8"?>
<testsuites name="TestSuit 03" time="17.421" tests="1" failures="0" errors="0">
   <testsuite name="TestSuit 03" tests="1" failures="0" errors="0" time="17.421" skipped="0" timestamp="11-12-2023T14:57:16" hostname="1878 - LAPTOP-95N5CJET" id="Test Suites/TestSuit 03">
      <properties>
         <property name="deviceName" value=""/>
         <property name="devicePlatform" value=""/>
         <property name="logFolder" value="C:\\Users\\1878\\git\\Sample TestOps Visual ShopCart\\TestOpsVisualShopCart\\Reports\\20231211_145651\\TestSuit 03\\20231211_145655"/>
         <property name="logFiles" value="C:\\Users\\1878\\git\\Sample TestOps Visual ShopCart\\TestOpsVisualShopCart\\Reports\\20231211_145651\\TestSuit 03\\20231211_145655\\execution0.log"/>
         <property name="attachments" value=""/>
         <property name="hostName" value="1878 - LAPTOP-95N5CJET"/>
         <property name="os" value="Windows 11 64bit"/>
         <property name="katalonVersion" value="9.1.0.212"/>
         <property name="browser" value="Chrome 119.0.0.0"/>
         <property name="hostAddress" value="192.168.10.165"/>
         <property name="sessionId" value="d5d5a1bf8d240198313460b88aabf940"/>
         <property name="seleniumVersion" value="3.141.59"/>
         <property name="proxyInformation" value="ProxyInformation { proxyOption=NO_PROXY, proxyServerType=HTTP, username=, password=********, proxyServerAddress=, proxyServerPort=0, executionList=&quot;&quot;, isApplyToDesiredCapabilities=true }"/>
         <property name="platform" value="Windows 11"/>
      </properties>
      <testcase name="Test Cases/TC Sample for Sertifikasi/Open ig" time="16.405" classname="Test Cases/TC Sample for Sertifikasi/Open ig" status="PASSED">
         <system-out><![CDATA[11-12-2023T14:57:17 - [TEST_CASE][PASSED] - Test Cases/TC Sample for Sertifikasi/Open ig: Test Cases/TC Sample for Sertifikasi/Open ig

11-12-2023T14:57:18 - [TEST_STEP][PASSED] - openBrowser(""): Browser is opened with url: ''

11-12-2023T14:57:19 - [MESSAGE][INFO] - Starting 'Chrome' driver

11-12-2023T14:57:19 - [MESSAGE][INFO] - Action delay is set to 0 milliseconds

11-12-2023T14:57:24 - [MESSAGE][PASSED] - Browser is opened with url: ''

11-12-2023T14:57:24 - [TEST_STEP][PASSED] - navigateToUrl("https://starbridges.indocyber.co.id/Application/Account/Login?ReturnUrl=%2fApplication"): Navigate to 'https://starbridges.indocyber.co.id/Application/Account/Login?ReturnUrl=%2fApplication' successfully

11-12-2023T14:57:25 - [MESSAGE][PASSED] - Navigate to 'https://starbridges.indocyber.co.id/Application/Account/Login?ReturnUrl=%2fApplication' successfully

11-12-2023T14:57:25 - [TEST_STEP][PASSED] - click(findTestObject("Object Repository/starbridges/Page_Login/a_Forgot Password")): Object: 'Object Repository/starbridges/Page_Login/a_Forgot Password' is clicked on

11-12-2023T14:57:29 - [MESSAGE][PASSED] - Object: 'Object Repository/starbridges/Page_Login/a_Forgot Password' is clicked on

11-12-2023T14:57:29 - [TEST_STEP][PASSED] - click(findTestObject("Object Repository/starbridges/Page_Forgot Passsword/button_Cancel")): Object: 'Object Repository/starbridges/Page_Forgot Passsword/button_Cancel' is clicked on

11-12-2023T14:57:31 - [MESSAGE][PASSED] - Object: 'Object Repository/starbridges/Page_Forgot Passsword/button_Cancel' is clicked on

11-12-2023T14:57:31 - [TEST_STEP][PASSED] - click(findTestObject("Object Repository/starbridges/Page_Login/button_Sign in")): Object: 'Object Repository/starbridges/Page_Login/button_Sign in' is clicked on

11-12-2023T14:57:33 - [MESSAGE][PASSED] - Object: 'Object Repository/starbridges/Page_Login/button_Sign in' is clicked on

11-12-2023T14:57:33 - [TEST_STEP][PASSED] - closeBrowser(): Browser is closed

11-12-2023T14:57:34 - [MESSAGE][PASSED] - Browser is closed]]></system-out>
         <system-err><![CDATA[]]></system-err>
      </testcase>
      <system-out><![CDATA[11-12-2023T14:57:16 - [TEST_SUITE][PASSED] - TestSuit 03: Test Cases/TC Sample for Sertifikasi/Open ig]]></system-out>
      <system-err><![CDATA[]]></system-err>
   </testsuite>
</testsuites>
