<?xml version="1.0" encoding="UTF-8"?>
<testsuites name="TestSuit 02" time="14.074" tests="1" failures="0" errors="0">
   <testsuite name="TestSuit 02" tests="1" failures="0" errors="0" time="14.074" skipped="0" timestamp="11-12-2023T14:57:06" hostname="1878 - LAPTOP-95N5CJET" id="Test Suites/TestSuit 02">
      <properties>
         <property name="deviceName" value=""/>
         <property name="devicePlatform" value=""/>
         <property name="logFolder" value="C:\\Users\\1878\\git\\Sample TestOps Visual ShopCart\\TestOpsVisualShopCart\\Reports\\20231211_145650\\TestSuit 02\\20231211_145651"/>
         <property name="logFiles" value="C:\\Users\\1878\\git\\Sample TestOps Visual ShopCart\\TestOpsVisualShopCart\\Reports\\20231211_145650\\TestSuit 02\\20231211_145651\\execution0.log"/>
         <property name="attachments" value=""/>
         <property name="hostName" value="1878 - LAPTOP-95N5CJET"/>
         <property name="os" value="Windows 11 64bit"/>
         <property name="katalonVersion" value="9.1.0.212"/>
         <property name="browser" value="Chrome 119.0.0.0"/>
         <property name="hostAddress" value="192.168.10.165"/>
         <property name="sessionId" value="ca9b045917a0d4f1020e656ab5e0eee9"/>
         <property name="seleniumVersion" value="3.141.59"/>
         <property name="proxyInformation" value="ProxyInformation { proxyOption=NO_PROXY, proxyServerType=HTTP, username=, password=********, proxyServerAddress=, proxyServerPort=0, executionList=&quot;&quot;, isApplyToDesiredCapabilities=true }"/>
         <property name="platform" value="Windows 11"/>
      </properties>
      <testcase name="Test Cases/TC Sample for Sertifikasi/Open ig" time="13.331" classname="Test Cases/TC Sample for Sertifikasi/Open ig" status="PASSED">
         <system-out><![CDATA[11-12-2023T14:57:06 - [TEST_CASE][PASSED] - Test Cases/TC Sample for Sertifikasi/Open ig: Test Cases/TC Sample for Sertifikasi/Open ig

11-12-2023T14:57:06 - [TEST_STEP][PASSED] - openBrowser(""): Browser is opened with url: ''

11-12-2023T14:57:07 - [MESSAGE][INFO] - Starting 'Chrome' driver

11-12-2023T14:57:07 - [MESSAGE][INFO] - Action delay is set to 0 milliseconds

11-12-2023T14:57:11 - [MESSAGE][PASSED] - Browser is opened with url: ''

11-12-2023T14:57:11 - [TEST_STEP][PASSED] - navigateToUrl("https://starbridges.indocyber.co.id/Application/Account/Login?ReturnUrl=%2fApplication"): Navigate to 'https://starbridges.indocyber.co.id/Application/Account/Login?ReturnUrl=%2fApplication' successfully

11-12-2023T14:57:12 - [MESSAGE][PASSED] - Navigate to 'https://starbridges.indocyber.co.id/Application/Account/Login?ReturnUrl=%2fApplication' successfully

11-12-2023T14:57:12 - [TEST_STEP][PASSED] - click(findTestObject("Object Repository/starbridges/Page_Login/a_Forgot Password")): Object: 'Object Repository/starbridges/Page_Login/a_Forgot Password' is clicked on

11-12-2023T14:57:16 - [MESSAGE][PASSED] - Object: 'Object Repository/starbridges/Page_Login/a_Forgot Password' is clicked on

11-12-2023T14:57:16 - [TEST_STEP][PASSED] - click(findTestObject("Object Repository/starbridges/Page_Forgot Passsword/button_Cancel")): Object: 'Object Repository/starbridges/Page_Forgot Passsword/button_Cancel' is clicked on

11-12-2023T14:57:17 - [MESSAGE][PASSED] - Object: 'Object Repository/starbridges/Page_Forgot Passsword/button_Cancel' is clicked on

11-12-2023T14:57:17 - [TEST_STEP][PASSED] - click(findTestObject("Object Repository/starbridges/Page_Login/button_Sign in")): Object: 'Object Repository/starbridges/Page_Login/button_Sign in' is clicked on

11-12-2023T14:57:19 - [MESSAGE][PASSED] - Object: 'Object Repository/starbridges/Page_Login/button_Sign in' is clicked on

11-12-2023T14:57:19 - [TEST_STEP][PASSED] - closeBrowser(): Browser is closed

11-12-2023T14:57:20 - [MESSAGE][PASSED] - Browser is closed]]></system-out>
         <system-err><![CDATA[]]></system-err>
      </testcase>
      <system-out><![CDATA[11-12-2023T14:57:06 - [TEST_SUITE][PASSED] - TestSuit 02: Test Cases/TC Sample for Sertifikasi/Open ig]]></system-out>
      <system-err><![CDATA[]]></system-err>
   </testsuite>
</testsuites>
